x64\debug\serialvectoradd.cu.obj
x64\debug\kernel.cu.obj
c:\users\user\desktop\dspc (p)\p3q4\x64\debug\p3q4.lib
c:\users\user\desktop\dspc (p)\p3q4\x64\debug\p3q4.exp
c:\users\user\desktop\dspc (p)\p3q4\p3q4\x64\debug\kernel.cu.cache
c:\users\user\desktop\dspc (p)\p3q4\p3q4\x64\debug\serialvectoradd.cu.cache
c:\users\user\desktop\dspc (p)\p3q4\p3q4\x64\debug\kernel.cu.obj
c:\users\user\desktop\dspc (p)\p3q4\p3q4\x64\debug\serialvectoradd.cu.obj
c:\users\user\desktop\dspc (p)\p3q4\p3q4\x64\debug\vc142.pdb
c:\users\user\desktop\dspc (p)\p3q4\x64\debug\p3q4.pdb
c:\users\user\desktop\dspc (p)\p3q4\p3q4\x64\debug\p3q4.tlog\cudacompile.read.1u.tlog
c:\users\user\desktop\dspc (p)\p3q4\p3q4\x64\debug\p3q4.tlog\cudacompile.write.1u.tlog
c:\users\user\desktop\dspc (p)\p3q4\p3q4\x64\debug\p3q4.tlog\link-cvtres.read.1.tlog
c:\users\user\desktop\dspc (p)\p3q4\p3q4\x64\debug\p3q4.tlog\link-cvtres.write.1.tlog
c:\users\user\desktop\dspc (p)\p3q4\p3q4\x64\debug\p3q4.tlog\link-rc.read.1.tlog
c:\users\user\desktop\dspc (p)\p3q4\p3q4\x64\debug\p3q4.tlog\link-rc.write.1.tlog
c:\users\user\desktop\dspc (p)\p3q4\p3q4\x64\debug\p3q4.tlog\link.17764-cvtres.read.1.tlog
c:\users\user\desktop\dspc (p)\p3q4\p3q4\x64\debug\p3q4.tlog\link.17764-cvtres.write.1.tlog
c:\users\user\desktop\dspc (p)\p3q4\p3q4\x64\debug\p3q4.tlog\link.17764-rc.read.1.tlog
c:\users\user\desktop\dspc (p)\p3q4\p3q4\x64\debug\p3q4.tlog\link.17764-rc.write.1.tlog
c:\users\user\desktop\dspc (p)\p3q4\p3q4\x64\debug\p3q4.tlog\link.17764.read.1.tlog
c:\users\user\desktop\dspc (p)\p3q4\p3q4\x64\debug\p3q4.tlog\link.17764.write.1.tlog
c:\users\user\desktop\dspc (p)\p3q4\p3q4\x64\debug\p3q4.tlog\link.command.1.tlog
c:\users\user\desktop\dspc (p)\p3q4\p3q4\x64\debug\p3q4.tlog\link.read.1.tlog
c:\users\user\desktop\dspc (p)\p3q4\p3q4\x64\debug\p3q4.tlog\link.write.1.tlog
c:\users\user\desktop\dspc (p)\p3q4\p3q4\x64\debug\p3q4.tlog\p3q4.write.1u.tlog
